{"C:\\Users\\Home\\Desktop\\Fase 1 - POO - Pedro Delfino\\Codigo\\Aeronave.js": {"path":"C:\\Users\\Home\\Desktop\\Fase 1 - POO - Pedro Delfino\\Codigo\\Aeronave.js","statementMap":{"0":{"start":{"line":7,"column":4},"end":{"line":7,"column":28}},"1":{"start":{"line":8,"column":4},"end":{"line":8,"column":50}},"2":{"start":{"line":9,"column":4},"end":{"line":9,"column":32}},"3":{"start":{"line":13,"column":4},"end":{"line":13,"column":25}},"4":{"start":{"line":17,"column":4},"end":{"line":17,"column":36}},"5":{"start":{"line":21,"column":4},"end":{"line":21,"column":27}},"6":{"start":{"line":25,"column":4},"end":{"line":27,"column":38}}},"fnMap":{"0":{"name":"(anonymous_0)","decl":{"start":{"line":6,"column":2},"end":{"line":6,"column":3}},"loc":{"start":{"line":6,"column":54},"end":{"line":10,"column":3}},"line":6},"1":{"name":"(anonymous_1)","decl":{"start":{"line":12,"column":2},"end":{"line":12,"column":3}},"loc":{"start":{"line":12,"column":16},"end":{"line":14,"column":3}},"line":12},"2":{"name":"(anonymous_2)","decl":{"start":{"line":16,"column":2},"end":{"line":16,"column":3}},"loc":{"start":{"line":16,"column":27},"end":{"line":18,"column":3}},"line":16},"3":{"name":"(anonymous_3)","decl":{"start":{"line":20,"column":2},"end":{"line":20,"column":3}},"loc":{"start":{"line":20,"column":18},"end":{"line":22,"column":3}},"line":20},"4":{"name":"(anonymous_4)","decl":{"start":{"line":24,"column":2},"end":{"line":24,"column":3}},"loc":{"start":{"line":24,"column":13},"end":{"line":28,"column":3}},"line":24}},"branchMap":{},"s":{"0":15,"1":15,"2":15,"3":14,"4":1,"5":1,"6":0},"f":{"0":15,"1":14,"2":1,"3":1,"4":0},"b":{},"_coverageSchema":"1a1c01bbd47fc00a2c39e90264f33305004495a9","hash":"48caf0a1e890cf601faf716f41b49e7d7e6c7746"}
,"C:\\Users\\Home\\Desktop\\Fase 1 - POO - Pedro Delfino\\Codigo\\AeronaveCarga.js": {"path":"C:\\Users\\Home\\Desktop\\Fase 1 - POO - Pedro Delfino\\Codigo\\AeronaveCarga.js","statementMap":{"0":{"start":{"line":7,"column":4},"end":{"line":7,"column":59}},"1":{"start":{"line":8,"column":4},"end":{"line":8,"column":28}},"2":{"start":{"line":12,"column":4},"end":{"line":12,"column":25}},"3":{"start":{"line":17,"column":29},"end":{"line":25,"column":5}},"4":{"start":{"line":26,"column":4},"end":{"line":31,"column":5}},"5":{"start":{"line":27,"column":6},"end":{"line":29,"column":7}},"6":{"start":{"line":28,"column":8},"end":{"line":28,"column":21}},"7":{"start":{"line":30,"column":6},"end":{"line":30,"column":18}},"8":{"start":{"line":35,"column":4},"end":{"line":35,"column":64}}},"fnMap":{"0":{"name":"(anonymous_0)","decl":{"start":{"line":6,"column":2},"end":{"line":6,"column":3}},"loc":{"start":{"line":6,"column":72},"end":{"line":9,"column":3}},"line":6},"1":{"name":"(anonymous_1)","decl":{"start":{"line":11,"column":2},"end":{"line":11,"column":3}},"loc":{"start":{"line":11,"column":16},"end":{"line":13,"column":3}},"line":11},"2":{"name":"(anonymous_2)","decl":{"start":{"line":16,"column":2},"end":{"line":16,"column":3}},"loc":{"start":{"line":16,"column":27},"end":{"line":32,"column":3}},"line":16},"3":{"name":"(anonymous_3)","decl":{"start":{"line":34,"column":2},"end":{"line":34,"column":3}},"loc":{"start":{"line":34,"column":13},"end":{"line":36,"column":3}},"line":34}},"branchMap":{"0":{"loc":{"start":{"line":27,"column":6},"end":{"line":29,"column":7}},"type":"if","locations":[{"start":{"line":27,"column":6},"end":{"line":29,"column":7}},{"start":{},"end":{}}],"line":27}},"s":{"0":3,"1":3,"2":0,"3":0,"4":0,"5":0,"6":0,"7":0,"8":0},"f":{"0":3,"1":0,"2":0,"3":0},"b":{"0":[0,0]},"_coverageSchema":"1a1c01bbd47fc00a2c39e90264f33305004495a9","hash":"eca77dcc6a8c701e4866eedf75facf169720df15"}
,"C:\\Users\\Home\\Desktop\\Fase 1 - POO - Pedro Delfino\\Codigo\\AeronaveComercial.js": {"path":"C:\\Users\\Home\\Desktop\\Fase 1 - POO - Pedro Delfino\\Codigo\\AeronaveComercial.js","statementMap":{"0":{"start":{"line":8,"column":8},"end":{"line":8,"column":54}},"1":{"start":{"line":9,"column":8},"end":{"line":9,"column":32}},"2":{"start":{"line":13,"column":8},"end":{"line":13,"column":29}},"3":{"start":{"line":17,"column":8},"end":{"line":17,"column":80}}},"fnMap":{"0":{"name":"(anonymous_0)","decl":{"start":{"line":7,"column":4},"end":{"line":7,"column":5}},"loc":{"start":{"line":7,"column":65},"end":{"line":10,"column":5}},"line":7},"1":{"name":"(anonymous_1)","decl":{"start":{"line":12,"column":4},"end":{"line":12,"column":5}},"loc":{"start":{"line":12,"column":18},"end":{"line":14,"column":5}},"line":12},"2":{"name":"(anonymous_2)","decl":{"start":{"line":16,"column":4},"end":{"line":16,"column":5}},"loc":{"start":{"line":16,"column":15},"end":{"line":18,"column":5}},"line":16}},"branchMap":{},"s":{"0":9,"1":9,"2":0,"3":0},"f":{"0":9,"1":0,"2":0},"b":{},"_coverageSchema":"1a1c01bbd47fc00a2c39e90264f33305004495a9","hash":"53b3cc6ec40305562ac01b01b68ae227ade9950b"}
,"C:\\Users\\Home\\Desktop\\Fase 1 - POO - Pedro Delfino\\Codigo\\AeronaveParticular.js": {"path":"C:\\Users\\Home\\Desktop\\Fase 1 - POO - Pedro Delfino\\Codigo\\AeronaveParticular.js","statementMap":{"0":{"start":{"line":7,"column":4},"end":{"line":7,"column":59}},"1":{"start":{"line":8,"column":4},"end":{"line":8,"column":42}},"2":{"start":{"line":12,"column":4},"end":{"line":12,"column":32}},"3":{"start":{"line":16,"column":4},"end":{"line":16,"column":87}}},"fnMap":{"0":{"name":"(anonymous_0)","decl":{"start":{"line":6,"column":2},"end":{"line":6,"column":3}},"loc":{"start":{"line":6,"column":79},"end":{"line":9,"column":3}},"line":6},"1":{"name":"(anonymous_1)","decl":{"start":{"line":11,"column":2},"end":{"line":11,"column":3}},"loc":{"start":{"line":11,"column":23},"end":{"line":13,"column":3}},"line":11},"2":{"name":"(anonymous_2)","decl":{"start":{"line":15,"column":2},"end":{"line":15,"column":3}},"loc":{"start":{"line":15,"column":13},"end":{"line":17,"column":3}},"line":15}},"branchMap":{},"s":{"0":3,"1":3,"2":0,"3":0},"f":{"0":3,"1":0,"2":0},"b":{},"_coverageSchema":"1a1c01bbd47fc00a2c39e90264f33305004495a9","hash":"37bf8bed88dfa9884034937c12c0c281e24e9665"}
,"C:\\Users\\Home\\Desktop\\Fase 1 - POO - Pedro Delfino\\Codigo\\AeronavesPassageiros.js": {"path":"C:\\Users\\Home\\Desktop\\Fase 1 - POO - Pedro Delfino\\Codigo\\AeronavesPassageiros.js","statementMap":{"0":{"start":{"line":7,"column":4},"end":{"line":7,"column":59}},"1":{"start":{"line":8,"column":4},"end":{"line":8,"column":42}},"2":{"start":{"line":12,"column":4},"end":{"line":12,"column":32}},"3":{"start":{"line":16,"column":4},"end":{"line":18,"column":6}}},"fnMap":{"0":{"name":"(anonymous_0)","decl":{"start":{"line":6,"column":2},"end":{"line":6,"column":3}},"loc":{"start":{"line":6,"column":79},"end":{"line":9,"column":3}},"line":6},"1":{"name":"(anonymous_1)","decl":{"start":{"line":11,"column":2},"end":{"line":11,"column":3}},"loc":{"start":{"line":11,"column":23},"end":{"line":13,"column":3}},"line":11},"2":{"name":"(anonymous_2)","decl":{"start":{"line":15,"column":2},"end":{"line":15,"column":3}},"loc":{"start":{"line":15,"column":13},"end":{"line":19,"column":3}},"line":15}},"branchMap":{},"s":{"0":3,"1":3,"2":0,"3":0},"f":{"0":3,"1":0,"2":0},"b":{},"_coverageSchema":"1a1c01bbd47fc00a2c39e90264f33305004495a9","hash":"083532e9e713c923bb387f89dcaaf5b875e4f5eb"}
,"C:\\Users\\Home\\Desktop\\Fase 1 - POO - Pedro Delfino\\Codigo\\Aerovia.js": {"path":"C:\\Users\\Home\\Desktop\\Fase 1 - POO - Pedro Delfino\\Codigo\\Aerovia.js","statementMap":{"0":{"start":{"line":8,"column":4},"end":{"line":8,"column":18}},"1":{"start":{"line":9,"column":4},"end":{"line":9,"column":26}},"2":{"start":{"line":10,"column":4},"end":{"line":10,"column":28}},"3":{"start":{"line":11,"column":4},"end":{"line":11,"column":28}},"4":{"start":{"line":15,"column":4},"end":{"line":15,"column":20}},"5":{"start":{"line":19,"column":4},"end":{"line":19,"column":24}},"6":{"start":{"line":23,"column":4},"end":{"line":23,"column":25}},"7":{"start":{"line":27,"column":4},"end":{"line":27,"column":25}},"8":{"start":{"line":31,"column":4},"end":{"line":31,"column":124}}},"fnMap":{"0":{"name":"(anonymous_0)","decl":{"start":{"line":7,"column":2},"end":{"line":7,"column":3}},"loc":{"start":{"line":7,"column":44},"end":{"line":12,"column":3}},"line":7},"1":{"name":"(anonymous_1)","decl":{"start":{"line":14,"column":2},"end":{"line":14,"column":3}},"loc":{"start":{"line":14,"column":11},"end":{"line":16,"column":3}},"line":14},"2":{"name":"(anonymous_2)","decl":{"start":{"line":18,"column":2},"end":{"line":18,"column":3}},"loc":{"start":{"line":18,"column":15},"end":{"line":20,"column":3}},"line":18},"3":{"name":"(anonymous_3)","decl":{"start":{"line":22,"column":2},"end":{"line":22,"column":3}},"loc":{"start":{"line":22,"column":16},"end":{"line":24,"column":3}},"line":22},"4":{"name":"(anonymous_4)","decl":{"start":{"line":26,"column":2},"end":{"line":26,"column":3}},"loc":{"start":{"line":26,"column":16},"end":{"line":28,"column":3}},"line":26},"5":{"name":"(anonymous_5)","decl":{"start":{"line":30,"column":2},"end":{"line":30,"column":3}},"loc":{"start":{"line":30,"column":13},"end":{"line":32,"column":3}},"line":30}},"branchMap":{},"s":{"0":12,"1":12,"2":12,"3":12,"4":10,"5":1,"6":1,"7":1,"8":0},"f":{"0":12,"1":10,"2":1,"3":1,"4":1,"5":0},"b":{},"_coverageSchema":"1a1c01bbd47fc00a2c39e90264f33305004495a9","hash":"69c28411cf1a1ae9e010b32d9ebad96e1b027a4c"}
,"C:\\Users\\Home\\Desktop\\Fase 1 - POO - Pedro Delfino\\Codigo\\OcupacaoAerovias.js": {"path":"C:\\Users\\Home\\Desktop\\Fase 1 - POO - Pedro Delfino\\Codigo\\OcupacaoAerovias.js","statementMap":{"0":{"start":{"line":2,"column":14},"end":{"line":2,"column":23}},"1":{"start":{"line":6,"column":28},"end":{"line":6,"column":30}},"2":{"start":{"line":7,"column":4},"end":{"line":17,"column":7}},"3":{"start":{"line":8,"column":46},"end":{"line":8,"column":60}},"4":{"start":{"line":9,"column":6},"end":{"line":16,"column":7}},"5":{"start":{"line":10,"column":19},"end":{"line":14,"column":9}},"6":{"start":{"line":15,"column":8},"end":{"line":15,"column":37}},"7":{"start":{"line":18,"column":4},"end":{"line":18,"column":29}},"8":{"start":{"line":23,"column":4},"end":{"line":23,"column":38}},"9":{"start":{"line":28,"column":20},"end":{"line":40,"column":5}},"10":{"start":{"line":41,"column":4},"end":{"line":50,"column":7}},"11":{"start":{"line":42,"column":46},"end":{"line":42,"column":60}},"12":{"start":{"line":43,"column":6},"end":{"line":49,"column":7}},"13":{"start":{"line":48,"column":8},"end":{"line":48,"column":60}},"14":{"start":{"line":51,"column":4},"end":{"line":53,"column":5}},"15":{"start":{"line":52,"column":6},"end":{"line":52,"column":35}},"16":{"start":{"line":58,"column":18},"end":{"line":58,"column":60}},"17":{"start":{"line":59,"column":4},"end":{"line":59,"column":36}},"18":{"start":{"line":63,"column":18},"end":{"line":63,"column":60}},"19":{"start":{"line":64,"column":4},"end":{"line":64,"column":33}},"20":{"start":{"line":68,"column":18},"end":{"line":68,"column":60}},"21":{"start":{"line":69,"column":4},"end":{"line":69,"column":37}},"22":{"start":{"line":73,"column":4},"end":{"line":73,"column":50}}},"fnMap":{"0":{"name":"(anonymous_0)","decl":{"start":{"line":5,"column":2},"end":{"line":5,"column":3}},"loc":{"start":{"line":5,"column":46},"end":{"line":19,"column":3}},"line":5},"1":{"name":"(anonymous_1)","decl":{"start":{"line":7,"column":27},"end":{"line":7,"column":28}},"loc":{"start":{"line":7,"column":43},"end":{"line":17,"column":5}},"line":7},"2":{"name":"(anonymous_2)","decl":{"start":{"line":22,"column":2},"end":{"line":22,"column":3}},"loc":{"start":{"line":22,"column":10},"end":{"line":24,"column":3}},"line":22},"3":{"name":"(anonymous_3)","decl":{"start":{"line":27,"column":2},"end":{"line":27,"column":3}},"loc":{"start":{"line":27,"column":68},"end":{"line":54,"column":3}},"line":27},"4":{"name":"(anonymous_4)","decl":{"start":{"line":41,"column":27},"end":{"line":41,"column":28}},"loc":{"start":{"line":41,"column":43},"end":{"line":50,"column":5}},"line":41},"5":{"name":"(anonymous_5)","decl":{"start":{"line":57,"column":2},"end":{"line":57,"column":3}},"loc":{"start":{"line":57,"column":46},"end":{"line":60,"column":3}},"line":57},"6":{"name":"(anonymous_6)","decl":{"start":{"line":62,"column":2},"end":{"line":62,"column":3}},"loc":{"start":{"line":62,"column":47},"end":{"line":65,"column":3}},"line":62},"7":{"name":"(anonymous_7)","decl":{"start":{"line":67,"column":2},"end":{"line":67,"column":3}},"loc":{"start":{"line":67,"column":45},"end":{"line":70,"column":3}},"line":67},"8":{"name":"(anonymous_8)","decl":{"start":{"line":72,"column":2},"end":{"line":72,"column":3}},"loc":{"start":{"line":72,"column":13},"end":{"line":74,"column":3}},"line":72}},"branchMap":{"0":{"loc":{"start":{"line":9,"column":6},"end":{"line":16,"column":7}},"type":"if","locations":[{"start":{"line":9,"column":6},"end":{"line":16,"column":7}},{"start":{},"end":{}}],"line":9},"1":{"loc":{"start":{"line":9,"column":10},"end":{"line":9,"column":57}},"type":"binary-expr","locations":[{"start":{"line":9,"column":10},"end":{"line":9,"column":31}},{"start":{"line":9,"column":35},"end":{"line":9,"column":57}}],"line":9},"2":{"loc":{"start":{"line":43,"column":6},"end":{"line":49,"column":7}},"type":"if","locations":[{"start":{"line":43,"column":6},"end":{"line":49,"column":7}},{"start":{},"end":{}}],"line":43},"3":{"loc":{"start":{"line":44,"column":8},"end":{"line":46,"column":30}},"type":"binary-expr","locations":[{"start":{"line":44,"column":8},"end":{"line":44,"column":38}},{"start":{"line":45,"column":8},"end":{"line":45,"column":30}},{"start":{"line":46,"column":8},"end":{"line":46,"column":30}}],"line":44}},"s":{"0":2,"1":1,"2":1,"3":2,"4":2,"5":2,"6":2,"7":1,"8":0,"9":0,"10":0,"11":0,"12":0,"13":0,"14":0,"15":0,"16":3,"17":3,"18":1,"19":1,"20":3,"21":3,"22":0},"f":{"0":1,"1":2,"2":0,"3":0,"4":0,"5":3,"6":1,"7":3,"8":0},"b":{"0":[2,0],"1":[2,2],"2":[0,0],"3":[0,0,0]},"_coverageSchema":"1a1c01bbd47fc00a2c39e90264f33305004495a9","hash":"da5124f90a809310d465c6f55828d8ba7b7189f5"}
,"C:\\Users\\Home\\Desktop\\Fase 1 - POO - Pedro Delfino\\Codigo\\Piloto.js": {"path":"C:\\Users\\Home\\Desktop\\Fase 1 - POO - Pedro Delfino\\Codigo\\Piloto.js","statementMap":{"0":{"start":{"line":9,"column":4},"end":{"line":9,"column":32}},"1":{"start":{"line":10,"column":4},"end":{"line":10,"column":22}},"2":{"start":{"line":11,"column":4},"end":{"line":11,"column":46}},"3":{"start":{"line":15,"column":4},"end":{"line":15,"column":27}},"4":{"start":{"line":19,"column":4},"end":{"line":19,"column":22}},"5":{"start":{"line":23,"column":4},"end":{"line":23,"column":34}},"6":{"start":{"line":27,"column":4},"end":{"line":29,"column":53}}},"fnMap":{"0":{"name":"(anonymous_0)","decl":{"start":{"line":8,"column":2},"end":{"line":8,"column":3}},"loc":{"start":{"line":8,"column":49},"end":{"line":12,"column":3}},"line":8},"1":{"name":"(anonymous_1)","decl":{"start":{"line":14,"column":2},"end":{"line":14,"column":3}},"loc":{"start":{"line":14,"column":18},"end":{"line":16,"column":3}},"line":14},"2":{"name":"(anonymous_2)","decl":{"start":{"line":18,"column":2},"end":{"line":18,"column":3}},"loc":{"start":{"line":18,"column":13},"end":{"line":20,"column":3}},"line":18},"3":{"name":"(anonymous_3)","decl":{"start":{"line":22,"column":2},"end":{"line":22,"column":3}},"loc":{"start":{"line":22,"column":25},"end":{"line":24,"column":3}},"line":22},"4":{"name":"(anonymous_4)","decl":{"start":{"line":26,"column":2},"end":{"line":26,"column":3}},"loc":{"start":{"line":26,"column":13},"end":{"line":30,"column":3}},"line":26}},"branchMap":{},"s":{"0":15,"1":15,"2":15,"3":15,"4":1,"5":3,"6":0},"f":{"0":15,"1":15,"2":1,"3":3,"4":0},"b":{},"_coverageSchema":"1a1c01bbd47fc00a2c39e90264f33305004495a9","hash":"7e627f2fe1bfddcef7cfaa26d4f6b997a0582c15"}
,"C:\\Users\\Home\\Desktop\\Fase 1 - POO - Pedro Delfino\\Codigo\\PlanoDeVoo.js": {"path":"C:\\Users\\Home\\Desktop\\Fase 1 - POO - Pedro Delfino\\Codigo\\PlanoDeVoo.js","statementMap":{"0":{"start":{"line":2,"column":23},"end":{"line":2,"column":24}},"1":{"start":{"line":11,"column":11},"end":{"line":11,"column":13}},"2":{"start":{"line":23,"column":4},"end":{"line":23,"column":40}},"3":{"start":{"line":24,"column":4},"end":{"line":24,"column":44}},"4":{"start":{"line":25,"column":4},"end":{"line":25,"column":44}},"5":{"start":{"line":26,"column":4},"end":{"line":26,"column":22}},"6":{"start":{"line":27,"column":4},"end":{"line":27,"column":28}},"7":{"start":{"line":28,"column":4},"end":{"line":28,"column":32}},"8":{"start":{"line":29,"column":4},"end":{"line":29,"column":30}},"9":{"start":{"line":30,"column":4},"end":{"line":30,"column":28}},"10":{"start":{"line":31,"column":4},"end":{"line":31,"column":28}},"11":{"start":{"line":35,"column":4},"end":{"line":35,"column":20}},"12":{"start":{"line":39,"column":4},"end":{"line":39,"column":33}},"13":{"start":{"line":43,"column":4},"end":{"line":43,"column":33}},"14":{"start":{"line":47,"column":4},"end":{"line":47,"column":22}},"15":{"start":{"line":51,"column":4},"end":{"line":51,"column":25}},"16":{"start":{"line":55,"column":4},"end":{"line":55,"column":27}},"17":{"start":{"line":59,"column":4},"end":{"line":59,"column":26}},"18":{"start":{"line":63,"column":4},"end":{"line":63,"column":23}},"19":{"start":{"line":67,"column":4},"end":{"line":67,"column":27}},"20":{"start":{"line":72,"column":4},"end":{"line":72,"column":27}},"21":{"start":{"line":76,"column":4},"end":{"line":84,"column":7}}},"fnMap":{"0":{"name":"(anonymous_0)","decl":{"start":{"line":14,"column":2},"end":{"line":14,"column":3}},"loc":{"start":{"line":22,"column":4},"end":{"line":32,"column":3}},"line":22},"1":{"name":"(anonymous_1)","decl":{"start":{"line":34,"column":2},"end":{"line":34,"column":3}},"loc":{"start":{"line":34,"column":11},"end":{"line":36,"column":3}},"line":34},"2":{"name":"(anonymous_2)","decl":{"start":{"line":38,"column":2},"end":{"line":38,"column":3}},"loc":{"start":{"line":38,"column":24},"end":{"line":40,"column":3}},"line":38},"3":{"name":"(anonymous_3)","decl":{"start":{"line":42,"column":2},"end":{"line":42,"column":3}},"loc":{"start":{"line":42,"column":24},"end":{"line":44,"column":3}},"line":42},"4":{"name":"(anonymous_4)","decl":{"start":{"line":46,"column":2},"end":{"line":46,"column":3}},"loc":{"start":{"line":46,"column":13},"end":{"line":48,"column":3}},"line":46},"5":{"name":"(anonymous_5)","decl":{"start":{"line":50,"column":2},"end":{"line":50,"column":3}},"loc":{"start":{"line":50,"column":16},"end":{"line":52,"column":3}},"line":50},"6":{"name":"(anonymous_6)","decl":{"start":{"line":54,"column":2},"end":{"line":54,"column":3}},"loc":{"start":{"line":54,"column":18},"end":{"line":56,"column":3}},"line":54},"7":{"name":"(anonymous_7)","decl":{"start":{"line":58,"column":2},"end":{"line":58,"column":3}},"loc":{"start":{"line":58,"column":17},"end":{"line":60,"column":3}},"line":58},"8":{"name":"(anonymous_8)","decl":{"start":{"line":62,"column":2},"end":{"line":62,"column":3}},"loc":{"start":{"line":62,"column":14},"end":{"line":64,"column":3}},"line":62},"9":{"name":"(anonymous_9)","decl":{"start":{"line":66,"column":2},"end":{"line":66,"column":3}},"loc":{"start":{"line":66,"column":18},"end":{"line":68,"column":3}},"line":66},"10":{"name":"(anonymous_10)","decl":{"start":{"line":71,"column":2},"end":{"line":71,"column":3}},"loc":{"start":{"line":71,"column":12},"end":{"line":73,"column":3}},"line":71},"11":{"name":"(anonymous_11)","decl":{"start":{"line":75,"column":2},"end":{"line":75,"column":3}},"loc":{"start":{"line":75,"column":13},"end":{"line":85,"column":3}},"line":75}},"branchMap":{},"s":{"0":1,"1":3,"2":3,"3":3,"4":3,"5":3,"6":3,"7":3,"8":3,"9":3,"10":3,"11":5,"12":0,"13":0,"14":0,"15":0,"16":0,"17":0,"18":0,"19":1,"20":1,"21":0},"f":{"0":3,"1":5,"2":0,"3":0,"4":0,"5":0,"6":0,"7":0,"8":0,"9":1,"10":1,"11":0},"b":{},"_coverageSchema":"1a1c01bbd47fc00a2c39e90264f33305004495a9","hash":"4d7ade74b308ef8b01d144e34e837867d6cabe34"}
,"C:\\Users\\Home\\Desktop\\Fase 1 - POO - Pedro Delfino\\Codigo\\servicos\\ServicoAeronaves.js": {"path":"C:\\Users\\Home\\Desktop\\Fase 1 - POO - Pedro Delfino\\Codigo\\servicos\\ServicoAeronaves.js","statementMap":{"0":{"start":{"line":7,"column":15},"end":{"line":7,"column":17}},"1":{"start":{"line":13,"column":4},"end":{"line":13,"column":27}},"2":{"start":{"line":18,"column":4},"end":{"line":20,"column":5}},"3":{"start":{"line":18,"column":44},"end":{"line":18,"column":72}},"4":{"start":{"line":19,"column":6},"end":{"line":19,"column":66}},"5":{"start":{"line":21,"column":4},"end":{"line":23,"column":6}},"6":{"start":{"line":22,"column":20},"end":{"line":22,"column":57}},"7":{"start":{"line":29,"column":16},"end":{"line":29,"column":18}},"8":{"start":{"line":30,"column":14},"end":{"line":30,"column":37}},"9":{"start":{"line":31,"column":4},"end":{"line":31,"column":15}},"10":{"start":{"line":32,"column":4},"end":{"line":37,"column":5}},"11":{"start":{"line":33,"column":6},"end":{"line":33,"column":48}},"12":{"start":{"line":34,"column":6},"end":{"line":36,"column":8}},"13":{"start":{"line":42,"column":16},"end":{"line":42,"column":18}},"14":{"start":{"line":43,"column":14},"end":{"line":43,"column":37}},"15":{"start":{"line":44,"column":4},"end":{"line":44,"column":15}},"16":{"start":{"line":45,"column":4},"end":{"line":56,"column":5}},"17":{"start":{"line":46,"column":6},"end":{"line":46,"column":48}},"18":{"start":{"line":47,"column":6},"end":{"line":55,"column":8}},"19":{"start":{"line":62,"column":16},"end":{"line":62,"column":18}},"20":{"start":{"line":63,"column":14},"end":{"line":63,"column":37}},"21":{"start":{"line":64,"column":4},"end":{"line":64,"column":15}},"22":{"start":{"line":65,"column":4},"end":{"line":70,"column":5}},"23":{"start":{"line":66,"column":6},"end":{"line":66,"column":48}},"24":{"start":{"line":67,"column":6},"end":{"line":69,"column":8}},"25":{"start":{"line":74,"column":4},"end":{"line":74,"column":35}},"26":{"start":{"line":78,"column":20},"end":{"line":78,"column":22}},"27":{"start":{"line":79,"column":4},"end":{"line":81,"column":5}},"28":{"start":{"line":80,"column":6},"end":{"line":80,"column":46}},"29":{"start":{"line":82,"column":4},"end":{"line":82,"column":21}}},"fnMap":{"0":{"name":"(anonymous_0)","decl":{"start":{"line":9,"column":2},"end":{"line":9,"column":3}},"loc":{"start":{"line":9,"column":16},"end":{"line":9,"column":18}},"line":9},"1":{"name":"(anonymous_1)","decl":{"start":{"line":12,"column":2},"end":{"line":12,"column":3}},"loc":{"start":{"line":12,"column":10},"end":{"line":14,"column":3}},"line":12},"2":{"name":"(anonymous_2)","decl":{"start":{"line":17,"column":2},"end":{"line":17,"column":3}},"loc":{"start":{"line":17,"column":20},"end":{"line":24,"column":3}},"line":17},"3":{"name":"(anonymous_3)","decl":{"start":{"line":18,"column":30},"end":{"line":18,"column":31}},"loc":{"start":{"line":18,"column":44},"end":{"line":18,"column":72}},"line":18},"4":{"name":"(anonymous_4)","decl":{"start":{"line":22,"column":6},"end":{"line":22,"column":7}},"loc":{"start":{"line":22,"column":20},"end":{"line":22,"column":57}},"line":22},"5":{"name":"(anonymous_5)","decl":{"start":{"line":27,"column":2},"end":{"line":27,"column":3}},"loc":{"start":{"line":27,"column":40},"end":{"line":38,"column":3}},"line":27},"6":{"name":"(anonymous_6)","decl":{"start":{"line":40,"column":2},"end":{"line":40,"column":3}},"loc":{"start":{"line":40,"column":46},"end":{"line":57,"column":3}},"line":40},"7":{"name":"(anonymous_7)","decl":{"start":{"line":60,"column":2},"end":{"line":60,"column":3}},"loc":{"start":{"line":60,"column":47},"end":{"line":71,"column":3}},"line":60},"8":{"name":"(anonymous_8)","decl":{"start":{"line":73,"column":2},"end":{"line":73,"column":3}},"loc":{"start":{"line":73,"column":21},"end":{"line":75,"column":3}},"line":73},"9":{"name":"(anonymous_9)","decl":{"start":{"line":77,"column":2},"end":{"line":77,"column":3}},"loc":{"start":{"line":77,"column":13},"end":{"line":83,"column":3}},"line":77}},"branchMap":{"0":{"loc":{"start":{"line":18,"column":4},"end":{"line":20,"column":5}},"type":"if","locations":[{"start":{"line":18,"column":4},"end":{"line":20,"column":5}},{"start":{},"end":{}}],"line":18}},"s":{"0":3,"1":1,"2":2,"3":6,"4":1,"5":1,"6":1,"7":0,"8":0,"9":0,"10":0,"11":0,"12":0,"13":0,"14":0,"15":0,"16":0,"17":0,"18":0,"19":0,"20":0,"21":0,"22":0,"23":0,"24":0,"25":15,"26":0,"27":0,"28":0,"29":0},"f":{"0":3,"1":1,"2":2,"3":6,"4":1,"5":0,"6":0,"7":0,"8":15,"9":0},"b":{"0":[1,1]},"_coverageSchema":"1a1c01bbd47fc00a2c39e90264f33305004495a9","hash":"de451867b302d0ff66fe391ec39dd956cc672962"}
,"C:\\Users\\Home\\Desktop\\Fase 1 - POO - Pedro Delfino\\Codigo\\servicos\\ServicoAerovias.js": {"path":"C:\\Users\\Home\\Desktop\\Fase 1 - POO - Pedro Delfino\\Codigo\\servicos\\ServicoAerovias.js","statementMap":{"0":{"start":{"line":6,"column":14},"end":{"line":6,"column":16}},"1":{"start":{"line":22,"column":16},"end":{"line":22,"column":18}},"2":{"start":{"line":23,"column":14},"end":{"line":23,"column":37}},"3":{"start":{"line":24,"column":4},"end":{"line":27,"column":5}},"4":{"start":{"line":25,"column":6},"end":{"line":25,"column":48}},"5":{"start":{"line":26,"column":6},"end":{"line":26,"column":79}},"6":{"start":{"line":30,"column":4},"end":{"line":30,"column":33}},"7":{"start":{"line":35,"column":4},"end":{"line":35,"column":26}},"8":{"start":{"line":39,"column":4},"end":{"line":39,"column":63}},"9":{"start":{"line":39,"column":44},"end":{"line":39,"column":61}}},"fnMap":{"0":{"name":"(anonymous_0)","decl":{"start":{"line":18,"column":2},"end":{"line":18,"column":3}},"loc":{"start":{"line":18,"column":16},"end":{"line":18,"column":18}},"line":18},"1":{"name":"(anonymous_1)","decl":{"start":{"line":20,"column":2},"end":{"line":20,"column":3}},"loc":{"start":{"line":20,"column":33},"end":{"line":28,"column":3}},"line":20},"2":{"name":"(anonymous_2)","decl":{"start":{"line":29,"column":2},"end":{"line":29,"column":3}},"loc":{"start":{"line":29,"column":20},"end":{"line":31,"column":3}},"line":29},"3":{"name":"(anonymous_3)","decl":{"start":{"line":34,"column":2},"end":{"line":34,"column":3}},"loc":{"start":{"line":34,"column":10},"end":{"line":36,"column":3}},"line":34},"4":{"name":"(anonymous_4)","decl":{"start":{"line":38,"column":2},"end":{"line":38,"column":3}},"loc":{"start":{"line":38,"column":15},"end":{"line":40,"column":3}},"line":38},"5":{"name":"(anonymous_5)","decl":{"start":{"line":39,"column":31},"end":{"line":39,"column":32}},"loc":{"start":{"line":39,"column":44},"end":{"line":39,"column":61}},"line":39}},"branchMap":{},"s":{"0":3,"1":0,"2":0,"3":0,"4":0,"5":0,"6":12,"7":1,"8":2,"9":5},"f":{"0":3,"1":0,"2":12,"3":1,"4":2,"5":5},"b":{},"_coverageSchema":"1a1c01bbd47fc00a2c39e90264f33305004495a9","hash":"fa49f59cfc2d72b950eaff71ca225d1a020f0120"}
,"C:\\Users\\Home\\Desktop\\Fase 1 - POO - Pedro Delfino\\Codigo\\servicos\\ServicoPiloto.js": {"path":"C:\\Users\\Home\\Desktop\\Fase 1 - POO - Pedro Delfino\\Codigo\\servicos\\ServicoPiloto.js","statementMap":{"0":{"start":{"line":6,"column":13},"end":{"line":6,"column":15}},"1":{"start":{"line":30,"column":16},"end":{"line":30,"column":18}},"2":{"start":{"line":31,"column":14},"end":{"line":31,"column":37}},"3":{"start":{"line":32,"column":4},"end":{"line":41,"column":5}},"4":{"start":{"line":33,"column":6},"end":{"line":33,"column":48}},"5":{"start":{"line":35,"column":6},"end":{"line":39,"column":7}},"6":{"start":{"line":36,"column":8},"end":{"line":36,"column":20}},"7":{"start":{"line":38,"column":8},"end":{"line":38,"column":21}},"8":{"start":{"line":40,"column":6},"end":{"line":40,"column":63}},"9":{"start":{"line":45,"column":4},"end":{"line":45,"column":29}},"10":{"start":{"line":46,"column":4},"end":{"line":46,"column":31}},"11":{"start":{"line":50,"column":4},"end":{"line":50,"column":25}},"12":{"start":{"line":55,"column":4},"end":{"line":55,"column":40}},"13":{"start":{"line":56,"column":4},"end":{"line":58,"column":5}},"14":{"start":{"line":56,"column":40},"end":{"line":56,"column":76}},"15":{"start":{"line":57,"column":6},"end":{"line":57,"column":66}},"16":{"start":{"line":59,"column":4},"end":{"line":59,"column":80}},"17":{"start":{"line":59,"column":42},"end":{"line":59,"column":78}},"18":{"start":{"line":64,"column":4},"end":{"line":64,"column":40}},"19":{"start":{"line":65,"column":4},"end":{"line":75,"column":5}},"20":{"start":{"line":66,"column":6},"end":{"line":74,"column":7}},"21":{"start":{"line":67,"column":8},"end":{"line":73,"column":12}},"22":{"start":{"line":68,"column":10},"end":{"line":68,"column":68}},"23":{"start":{"line":69,"column":10},"end":{"line":69,"column":22}},"24":{"start":{"line":71,"column":10},"end":{"line":73,"column":12}},"25":{"start":{"line":76,"column":4},"end":{"line":76,"column":64}}},"fnMap":{"0":{"name":"(anonymous_0)","decl":{"start":{"line":24,"column":2},"end":{"line":24,"column":3}},"loc":{"start":{"line":24,"column":15},"end":{"line":26,"column":3}},"line":24},"1":{"name":"(anonymous_1)","decl":{"start":{"line":28,"column":2},"end":{"line":28,"column":3}},"loc":{"start":{"line":28,"column":32},"end":{"line":42,"column":3}},"line":28},"2":{"name":"(anonymous_2)","decl":{"start":{"line":44,"column":2},"end":{"line":44,"column":3}},"loc":{"start":{"line":44,"column":19},"end":{"line":47,"column":3}},"line":44},"3":{"name":"(anonymous_3)","decl":{"start":{"line":49,"column":2},"end":{"line":49,"column":3}},"loc":{"start":{"line":49,"column":10},"end":{"line":51,"column":3}},"line":49},"4":{"name":"(anonymous_4)","decl":{"start":{"line":54,"column":2},"end":{"line":54,"column":3}},"loc":{"start":{"line":54,"column":35},"end":{"line":60,"column":3}},"line":54},"5":{"name":"(anonymous_5)","decl":{"start":{"line":56,"column":28},"end":{"line":56,"column":29}},"loc":{"start":{"line":56,"column":40},"end":{"line":56,"column":76}},"line":56},"6":{"name":"(anonymous_6)","decl":{"start":{"line":59,"column":30},"end":{"line":59,"column":31}},"loc":{"start":{"line":59,"column":42},"end":{"line":59,"column":78}},"line":59},"7":{"name":"(anonymous_7)","decl":{"start":{"line":63,"column":2},"end":{"line":63,"column":3}},"loc":{"start":{"line":63,"column":43},"end":{"line":77,"column":3}},"line":63}},"branchMap":{"0":{"loc":{"start":{"line":35,"column":6},"end":{"line":39,"column":7}},"type":"if","locations":[{"start":{"line":35,"column":6},"end":{"line":39,"column":7}},{"start":{"line":37,"column":13},"end":{"line":39,"column":7}}],"line":35},"1":{"loc":{"start":{"line":56,"column":4},"end":{"line":58,"column":5}},"type":"if","locations":[{"start":{"line":56,"column":4},"end":{"line":58,"column":5}},{"start":{},"end":{}}],"line":56},"2":{"loc":{"start":{"line":66,"column":6},"end":{"line":74,"column":7}},"type":"if","locations":[{"start":{"line":66,"column":6},"end":{"line":74,"column":7}},{"start":{},"end":{}}],"line":66},"3":{"loc":{"start":{"line":67,"column":8},"end":{"line":73,"column":12}},"type":"if","locations":[{"start":{"line":67,"column":8},"end":{"line":73,"column":12}},{"start":{"line":71,"column":10},"end":{"line":73,"column":12}}],"line":67}},"s":{"0":5,"1":0,"2":0,"3":0,"4":0,"5":0,"6":0,"7":0,"8":0,"9":15,"10":15,"11":1,"12":4,"13":4,"14":7,"15":1,"16":3,"17":4,"18":0,"19":0,"20":0,"21":0,"22":0,"23":0,"24":0,"25":0},"f":{"0":5,"1":0,"2":15,"3":1,"4":4,"5":7,"6":4,"7":0},"b":{"0":[0,0],"1":[1,3],"2":[0,0],"3":[0,0]},"_coverageSchema":"1a1c01bbd47fc00a2c39e90264f33305004495a9","hash":"3b5a1bdd600e3b08871f5293e21140a51d5358cf"}
,"C:\\Users\\Home\\Desktop\\Fase 1 - POO - Pedro Delfino\\Codigo\\servicos\\ServicoPlanoDeVoo.js": {"path":"C:\\Users\\Home\\Desktop\\Fase 1 - POO - Pedro Delfino\\Codigo\\servicos\\ServicoPlanoDeVoo.js","statementMap":{"0":{"start":{"line":8,"column":4},"end":{"line":8,"column":27}},"1":{"start":{"line":13,"column":4},"end":{"line":13,"column":29}},"2":{"start":{"line":18,"column":28},"end":{"line":20,"column":5}},"3":{"start":{"line":19,"column":22},"end":{"line":19,"column":42}},"4":{"start":{"line":22,"column":4},"end":{"line":24,"column":5}},"5":{"start":{"line":23,"column":6},"end":{"line":23,"column":67}},"6":{"start":{"line":26,"column":4},"end":{"line":26,"column":27}},"7":{"start":{"line":31,"column":4},"end":{"line":35,"column":5}},"8":{"start":{"line":32,"column":6},"end":{"line":34,"column":7}},"9":{"start":{"line":33,"column":8},"end":{"line":33,"column":26}},"10":{"start":{"line":40,"column":4},"end":{"line":40,"column":37}},"11":{"start":{"line":41,"column":4},"end":{"line":41,"column":39}},"12":{"start":{"line":46,"column":28},"end":{"line":48,"column":5}},"13":{"start":{"line":47,"column":22},"end":{"line":47,"column":42}},"14":{"start":{"line":50,"column":4},"end":{"line":52,"column":5}},"15":{"start":{"line":51,"column":6},"end":{"line":51,"column":67}},"16":{"start":{"line":54,"column":4},"end":{"line":54,"column":30}}},"fnMap":{"0":{"name":"(anonymous_0)","decl":{"start":{"line":7,"column":2},"end":{"line":7,"column":3}},"loc":{"start":{"line":7,"column":16},"end":{"line":9,"column":3}},"line":7},"1":{"name":"(anonymous_1)","decl":{"start":{"line":12,"column":2},"end":{"line":12,"column":3}},"loc":{"start":{"line":12,"column":10},"end":{"line":14,"column":3}},"line":12},"2":{"name":"(anonymous_2)","decl":{"start":{"line":17,"column":2},"end":{"line":17,"column":3}},"loc":{"start":{"line":17,"column":15},"end":{"line":27,"column":3}},"line":17},"3":{"name":"(anonymous_3)","decl":{"start":{"line":19,"column":6},"end":{"line":19,"column":7}},"loc":{"start":{"line":19,"column":22},"end":{"line":19,"column":42}},"line":19},"4":{"name":"(anonymous_4)","decl":{"start":{"line":30,"column":2},"end":{"line":30,"column":3}},"loc":{"start":{"line":30,"column":14},"end":{"line":36,"column":3}},"line":30},"5":{"name":"(anonymous_5)","decl":{"start":{"line":39,"column":2},"end":{"line":39,"column":3}},"loc":{"start":{"line":39,"column":23},"end":{"line":42,"column":3}},"line":39},"6":{"name":"(anonymous_6)","decl":{"start":{"line":45,"column":2},"end":{"line":45,"column":3}},"loc":{"start":{"line":45,"column":14},"end":{"line":55,"column":3}},"line":45},"7":{"name":"(anonymous_7)","decl":{"start":{"line":47,"column":6},"end":{"line":47,"column":7}},"loc":{"start":{"line":47,"column":22},"end":{"line":47,"column":42}},"line":47}},"branchMap":{"0":{"loc":{"start":{"line":22,"column":4},"end":{"line":24,"column":5}},"type":"if","locations":[{"start":{"line":22,"column":4},"end":{"line":24,"column":5}},{"start":{},"end":{}}],"line":22},"1":{"loc":{"start":{"line":32,"column":6},"end":{"line":34,"column":7}},"type":"if","locations":[{"start":{"line":32,"column":6},"end":{"line":34,"column":7}},{"start":{},"end":{}}],"line":32},"2":{"loc":{"start":{"line":50,"column":4},"end":{"line":52,"column":5}},"type":"if","locations":[{"start":{"line":50,"column":4},"end":{"line":52,"column":5}},{"start":{},"end":{}}],"line":50}},"s":{"0":5,"1":3,"2":3,"3":2,"4":3,"5":1,"6":2,"7":0,"8":0,"9":0,"10":3,"11":3,"12":2,"13":1,"14":2,"15":1,"16":1},"f":{"0":5,"1":3,"2":3,"3":2,"4":0,"5":3,"6":2,"7":1},"b":{"0":[1,2],"1":[0,0],"2":[1,1]},"_coverageSchema":"1a1c01bbd47fc00a2c39e90264f33305004495a9","hash":"f3e5a7e47f3955a06484d6af84b297a9e76ac313"}
,"C:\\Users\\Home\\Desktop\\Fase 1 - POO - Pedro Delfino\\Codigo\\servicos\\funcoesAuxiliares.js": {"path":"C:\\Users\\Home\\Desktop\\Fase 1 - POO - Pedro Delfino\\Codigo\\servicos\\funcoesAuxiliares.js","statementMap":{"0":{"start":{"line":2,"column":24},"end":{"line":2,"column":61}},"1":{"start":{"line":3,"column":19},"end":{"line":3,"column":21}},"2":{"start":{"line":6,"column":2},"end":{"line":9,"column":3}},"3":{"start":{"line":6,"column":15},"end":{"line":6,"column":16}},"4":{"start":{"line":7,"column":17},"end":{"line":7,"column":39}},"5":{"start":{"line":8,"column":4},"end":{"line":8,"column":60}},"6":{"start":{"line":11,"column":2},"end":{"line":11,"column":18}}},"fnMap":{"0":{"name":"gerarHorarios","decl":{"start":{"line":1,"column":16},"end":{"line":1,"column":29}},"loc":{"start":{"line":1,"column":58},"end":{"line":12,"column":1}},"line":1}},"branchMap":{},"s":{"0":2,"1":2,"2":2,"3":2,"4":8,"5":8,"6":2},"f":{"0":2},"b":{},"_coverageSchema":"1a1c01bbd47fc00a2c39e90264f33305004495a9","hash":"2010f5f878dc5ca44a01b787b6f5c4e2d5c7ca88"}
}
